[1] "Training set for this iteration saved in train.csv "
[1] "Test set for this iteration saved in test.csv"
[1] "Printing predictions and actual values :"
Index	Actual value	Prediction
1	36.2	36.6653390229025
2	22.9	21.3147241193316
3	18.2	19.2964729682904
4	30.8	37.2014988747021
5	24.7	20.9772886117697
6	23.3	21.7977548233673
7	22	21.7563247541122
8	23.9	23.4951902036276
9	22.2	23.8339886739936
10	18.3	19.0724024620815
11	20.4	19.2671537078816
12	15.6	15.41929045563
13	17.4	17.048373542915
14	13.1	14.6838569817311
15	50	44.3256722881278
16	23.8	21.6710017876143
17	37.2	39.2805119685092
18	20	18.1612637605135
19	21.7	21.5931060974417
20	25	23.3961563130249
21	46.7	40.8482679687313
22	25.1	26.2404992344912
23	31.5	39.0638957815517
24	17.6	17.9993387508128
25	35.2	40.6849154861707
26	33.2	40.6535607483068
27	29.1	25.3976372434626
28	22.3	23.578650907981
29	28.5	26.2547588384503
30	21.7	24.0461704315112
31	22.8	25.2375477318839
32	20.3	22.2210492229141
33	23	23.2920573472942
34	22.6	22.7450606603033
35	19	21.335596055802
36	31.2	35.6223750227914
37	17.2	17.2948443496792
38	24.5	22.5424920959831
39	18.6	17.7022075783883
40	18.2	15.9659384733475
41	10.2	15.2796980086087
42	7.2	9.80588085656355
43	16.3	13.1031337017011
44	10.9	13.2486569057989
45	14.3	16.2215161397095
46	17.8	18.579381760496
47	19.9	18.958265037571
48	23	22.5268603429271
49	25	25.0795021863819
50	20.6	20.3962118810714
51	21.2	20.1505599507407
[1] "+----"
[1] "Value of R*R = 0.842595121826885"
[1] "Correlation matrix save in correlation.csv"
[1] "One of the following has to be removed"
[1] "RAD"
[1] "TAX"
